<?xml version="1.0" encoding="UTF-8"?>
<!-- Generated by org.testng.reporters.JUnitReportReporter -->
<testsuite hostname="DESKTOP-6QSLMCT" failures="0" tests="1" name="testCases.TC_005_AddToCartPageTest" time="5.002" errors="0" timestamp="2023-09-14T15:55:28 IST" skipped="0">
  <testcase classname="testCases.TC_005_AddToCartPageTest" name="test_addToCart" time="5.002"/>
</testsuite> <!-- testCases.TC_005_AddToCartPageTest -->
