<?xml version="1.0" encoding="UTF-8"?>
<!-- Generated by org.testng.reporters.JUnitReportReporter -->
<testsuite hostname="DESKTOP-6QSLMCT" failures="0" tests="1" name="testCases.TC_004_SearchProductTest" time="4.347" errors="0" timestamp="2023-09-14T15:55:28 IST" skipped="0">
  <testcase classname="testCases.TC_004_SearchProductTest" name="test_pruductSearch" time="4.347"/>
</testsuite> <!-- testCases.TC_004_SearchProductTest -->
