<?xml version="1.0" encoding="UTF-8"?>
<!-- Generated by org.testng.reporters.JUnitReportReporter -->
<testsuite hostname="DESKTOP-6QSLMCT" failures="0" tests="5" name="testCases.TC_003_LoginDataDrivenTest" time="48.529" errors="0" timestamp="2023-09-13T17:31:26 IST" skipped="0">
  <testcase classname="testCases.TC_003_LoginDataDrivenTest" name="test_LoginDDT" time="11.863"/>
  <testcase classname="testCases.TC_003_LoginDataDrivenTest" name="test_LoginDDT" time="1.793"/>
  <testcase classname="testCases.TC_003_LoginDataDrivenTest" name="test_LoginDDT" time="12.144"/>
  <testcase classname="testCases.TC_003_LoginDataDrivenTest" name="test_LoginDDT" time="11.189"/>
  <testcase classname="testCases.TC_003_LoginDataDrivenTest" name="test_LoginDDT" time="11.540"/>
</testsuite> <!-- testCases.TC_003_LoginDataDrivenTest -->
