<?xml version="1.0" encoding="UTF-8"?>
<!-- Generated by org.testng.reporters.JUnitReportReporter -->
<testsuite hostname="DESKTOP-6QSLMCT" failures="0" tests="1" name="testCases.TC_002_LoginTest" time="1.706" errors="0" timestamp="2023-09-13T17:59:11 IST" skipped="0">
  <testcase classname="testCases.TC_002_LoginTest" name="test_Login" time="1.706"/>
</testsuite> <!-- testCases.TC_002_LoginTest -->
