<?xml version="1.0" encoding="UTF-8"?>
<!-- Generated by org.testng.reporters.JUnitReportReporter -->
<testsuite hostname="DESKTOP-6QSLMCT" failures="0" tests="1" name="testCases.TC_001_AccountRegistrationTest" time="6.742" errors="0" timestamp="2023-09-14T12:25:08 IST" skipped="0">
  <testcase classname="testCases.TC_001_AccountRegistrationTest" name="test_account_Registration" time="6.742"/>
</testsuite> <!-- testCases.TC_001_AccountRegistrationTest -->
