<?xml version="1.0" encoding="UTF-8"?>
<!-- Generated by org.testng.reporters.JUnitReportReporter -->
<testsuite hostname="DESKTOP-6QSLMCT" failures="0" tests="1" name="testCases.TC_006_EndToEndTest" time="42.540" errors="0" timestamp="2023-09-14T16:00:38 IST" skipped="0">
  <testcase classname="testCases.TC_006_EndToEndTest" name="endToendTest" time="42.540"/>
</testsuite> <!-- testCases.TC_006_EndToEndTest -->
